AplicacaoMobile/RangoFile_Start/app/build/intermediates/manifest_merge_blame_file/debug/processDebugMainManifest/manifest-merger-blame-debug-report.txt
1<?xml version="1.0" encoding="utf-8"?>
2<manifest xmlns:android="http://schemas.android.com/apk/res/android"
3    package="br.edu.unisenai.rangonaregua"
4    android:versionCode="1"
5    android:versionName="1.0" >
6
7    <uses-sdk
8        android:minSdkVersion="33"
9        android:targetSdkVersion="36" />
10
11    <uses-permission android:name="android.permission.INTERNET" />
11-->src\main\AndroidManifest.xml:4:5-67
11-->src\main\AndroidManifest.xml:4:22-64
12
13    <!-- Although the *SdkVersion is captured in gradle build files, this is required for non gradle builds -->
14    <!-- <uses-sdk android:minSdkVersion="23" /> -->
15    <uses-permission android:name="android.permission.ACCESS_NETWORK_STATE" />
15-->[com.google.firebase:firebase-firestore:26.6.0] AndroidManifest.xml:10:5-79
15-->[com.google.firebase:firebase-firestore:26.6.0] AndroidManifest.xml:10:22-76
16
17    <permission
17-->[androidx.core:core:1.18.0] AndroidManifest.xml:22:5-24:47
18        android:name="br.edu.unisenai.rangonaregua.DYNAMIC_RECEIVER_NOT_EXPORTED_PERMISSION"
18-->[androidx.core:core:1.18.0] AndroidManifest.xml:23:9-81
19        android:protectionLevel="signature" />
19-->[androidx.core:core:1.18.0] AndroidManifest.xml:24:9-44
20
21    <uses-permission android:name="br.edu.unisenai.rangonaregua.DYNAMIC_RECEIVER_NOT_EXPORTED_PERMISSION" />
21-->[androidx.core:core:1.18.0] AndroidManifest.xml:26:5-97
21-->[androidx.core:core:1.18.0] AndroidManifest.xml:26:22-94
22
23    <application
23-->src\main\AndroidManifest.xml:6:5-30:19
24        android:allowBackup="true"
24-->src\main\AndroidManifest.xml:7:9-35
25        android:appComponentFactory="androidx.core.app.CoreComponentFactory"
25-->[androidx.core:core:1.18.0] AndroidManifest.xml:28:18-86
26        android:debuggable="true"
27        android:extractNativeLibs="false"
28        android:icon="@drawable/ic_lancador"
28-->src\main\AndroidManifest.xml:8:9-45
29        android:label="@string/app_name"
29-->src\main\AndroidManifest.xml:9:9-41
30        android:supportsRtl="true"
30-->src\main\AndroidManifest.xml:10:9-35
31        android:testOnly="true"
32        android:theme="@style/Theme.RangoNaRegua" >
32-->src\main\AndroidManifest.xml:11:9-50
33        <activity
33-->src\main\AndroidManifest.xml:12:9-14:40
34            android:name="br.edu.unisenai.rangonaregua.DetalheActivity"
34-->src\main\AndroidManifest.xml:13:13-44
35            android:exported="false" />
35-->src\main\AndroidManifest.xml:14:13-37
36        <activity
36-->src\main\AndroidManifest.xml:15:9-17:40
37            android:name="br.edu.unisenai.rangonaregua.NovoLugarActivity"
37-->src\main\AndroidManifest.xml:16:13-46
38            android:exported="false" />
38-->src\main\AndroidManifest.xml:17:13-37
39        <activity
39-->src\main\AndroidManifest.xml:18:9-26:20
40            android:name="br.edu.unisenai.rangonaregua.LoginActivity"
40-->src\main\AndroidManifest.xml:19:13-42
41            android:exported="true" >
41-->src\main\AndroidManifest.xml:20:13-36
42            <intent-filter>
42-->src\main\AndroidManifest.xml:21:13-25:29
43                <action android:name="android.intent.action.MAIN" />
43-->src\main\AndroidManifest.xml:22:17-69
43-->src\main\AndroidManifest.xml:22:25-66
44
45                <category android:name="android.intent.category.LAUNCHER" />
45-->src\main\AndroidManifest.xml:24:17-77
45-->src\main\AndroidManifest.xml:24:27-74
46            </intent-filter>
47        </activity>
48        <activity
48-->src\main\AndroidManifest.xml:27:9-29:40
49            android:name="br.edu.unisenai.rangonaregua.MainActivity"
49-->src\main\AndroidManifest.xml:28:13-41
50            android:exported="false" />
50-->src\main\AndroidManifest.xml:29:13-37
51
52        <service
52-->[com.google.firebase:firebase-firestore:26.6.0] AndroidManifest.xml:14:9-23:19
53            android:name="com.google.firebase.components.ComponentDiscoveryService"
53-->[com.google.firebase:firebase-firestore:26.6.0] AndroidManifest.xml:15:13-84
54            android:directBootAware="true"
54-->[com.google.firebase:firebase-common:22.0.1] AndroidManifest.xml:32:13-43
55            android:exported="false" >
55-->[com.google.firebase:firebase-firestore:26.6.0] AndroidManifest.xml:16:13-37
56            <meta-data
56-->[com.google.firebase:firebase-firestore:26.6.0] AndroidManifest.xml:17:13-19:85
57                android:name="com.google.firebase.components:com.google.firebase.firestore.FirebaseFirestoreKtxRegistrar"
57-->[com.google.firebase:firebase-firestore:26.6.0] AndroidManifest.xml:18:17-122
58                android:value="com.google.firebase.components.ComponentRegistrar" />
58-->[com.google.firebase:firebase-firestore:26.6.0] AndroidManifest.xml:19:17-82
59            <meta-data
59-->[com.google.firebase:firebase-firestore:26.6.0] AndroidManifest.xml:20:13-22:85
60                android:name="com.google.firebase.components:com.google.firebase.firestore.FirestoreRegistrar"
60-->[com.google.firebase:firebase-firestore:26.6.0] AndroidManifest.xml:21:17-111
61                android:value="com.google.firebase.components.ComponentRegistrar" />
61-->[com.google.firebase:firebase-firestore:26.6.0] AndroidManifest.xml:22:17-82
62            <meta-data
62-->[com.google.firebase:firebase-common:22.0.1] AndroidManifest.xml:35:13-37:85
63                android:name="com.google.firebase.components:com.google.firebase.FirebaseCommonKtxRegistrar"
63-->[com.google.firebase:firebase-common:22.0.1] AndroidManifest.xml:36:17-109
64                android:value="com.google.firebase.components.ComponentRegistrar" />
64-->[com.google.firebase:firebase-common:22.0.1] AndroidManifest.xml:37:17-82
65        </service>
66
67        <activity
67-->[com.google.android.gms:play-services-base:18.9.0] AndroidManifest.xml:20:9-22:45
68            android:name="com.google.android.gms.common.api.GoogleApiActivity"
68-->[com.google.android.gms:play-services-base:18.9.0] AndroidManifest.xml:20:19-85
69            android:exported="false"
69-->[com.google.android.gms:play-services-base:18.9.0] AndroidManifest.xml:22:19-43
70            android:theme="@android:style/Theme.Translucent.NoTitleBar" />
70-->[com.google.android.gms:play-services-base:18.9.0] AndroidManifest.xml:21:19-78
71
72        <provider
72-->[com.google.firebase:firebase-common:22.0.1] AndroidManifest.xml:23:9-28:39
73            android:name="com.google.firebase.provider.FirebaseInitProvider"
73-->[com.google.firebase:firebase-common:22.0.1] AndroidManifest.xml:24:13-77
74            android:authorities="br.edu.unisenai.rangonaregua.firebaseinitprovider"
74-->[com.google.firebase:firebase-common:22.0.1] AndroidManifest.xml:25:13-72
75            android:directBootAware="true"
75-->[com.google.firebase:firebase-common:22.0.1] AndroidManifest.xml:26:13-43
76            android:exported="false"
76-->[com.google.firebase:firebase-common:22.0.1] AndroidManifest.xml:27:13-37
77            android:initOrder="100" />
77-->[com.google.firebase:firebase-common:22.0.1] AndroidManifest.xml:28:13-36
78        <provider
78-->[androidx.emoji2:emoji2:1.2.0] AndroidManifest.xml:24:9-32:20
79            android:name="androidx.startup.InitializationProvider"
79-->[androidx.emoji2:emoji2:1.2.0] AndroidManifest.xml:25:13-67
80            android:authorities="br.edu.unisenai.rangonaregua.androidx-startup"
80-->[androidx.emoji2:emoji2:1.2.0] AndroidManifest.xml:26:13-68
81            android:exported="false" >
81-->[androidx.emoji2:emoji2:1.2.0] AndroidManifest.xml:27:13-37
82            <meta-data
82-->[androidx.emoji2:emoji2:1.2.0] AndroidManifest.xml:29:13-31:52
83                android:name="androidx.emoji2.text.EmojiCompatInitializer"
83-->[androidx.emoji2:emoji2:1.2.0] AndroidManifest.xml:30:17-75
84                android:value="androidx.startup" />
84-->[androidx.emoji2:emoji2:1.2.0] AndroidManifest.xml:31:17-49
85            <meta-data
85-->[androidx.lifecycle:lifecycle-process:2.6.2] AndroidManifest.xml:29:13-31:52
86                android:name="androidx.lifecycle.ProcessLifecycleInitializer"
86-->[androidx.lifecycle:lifecycle-process:2.6.2] AndroidManifest.xml:30:17-78
87                android:value="androidx.startup" />
87-->[androidx.lifecycle:lifecycle-process:2.6.2] AndroidManifest.xml:31:17-49
88            <meta-data
88-->[androidx.profileinstaller:profileinstaller:1.4.0] AndroidManifest.xml:29:13-31:52
89                android:name="androidx.profileinstaller.ProfileInstallerInitializer"
89-->[androidx.profileinstaller:profileinstaller:1.4.0] AndroidManifest.xml:30:17-85
90                android:value="androidx.startup" />
90-->[androidx.profileinstaller:profileinstaller:1.4.0] AndroidManifest.xml:31:17-49
91        </provider>
92
93        <meta-data
93-->[com.google.android.gms:play-services-basement:18.9.0] AndroidManifest.xml:21:9-23:69
94            android:name="com.google.android.gms.version"
94-->[com.google.android.gms:play-services-basement:18.9.0] AndroidManifest.xml:22:13-58
95            android:value="@integer/google_play_services_version" />
95-->[com.google.android.gms:play-services-basement:18.9.0] AndroidManifest.xml:23:13-66
96
97        <receiver
97-->[androidx.profileinstaller:profileinstaller:1.4.0] AndroidManifest.xml:34:9-52:20
98            android:name="androidx.profileinstaller.ProfileInstallReceiver"
98-->[androidx.profileinstaller:profileinstaller:1.4.0] AndroidManifest.xml:35:13-76
99            android:directBootAware="false"
99-->[androidx.profileinstaller:profileinstaller:1.4.0] AndroidManifest.xml:36:13-44
100            android:enabled="true"
100-->[androidx.profileinstaller:profileinstaller:1.4.0] AndroidManifest.xml:37:13-35
101            android:exported="true"
101-->[androidx.profileinstaller:profileinstaller:1.4.0] AndroidManifest.xml:38:13-36
102            android:permission="android.permission.DUMP" >
102-->[androidx.profileinstaller:profileinstaller:1.4.0] AndroidManifest.xml:39:13-57
103            <intent-filter>
103-->[androidx.profileinstaller:profileinstaller:1.4.0] AndroidManifest.xml:40:13-42:29
104                <action android:name="androidx.profileinstaller.action.INSTALL_PROFILE" />
104-->[androidx.profileinstaller:profileinstaller:1.4.0] AndroidManifest.xml:41:17-91
104-->[androidx.profileinstaller:profileinstaller:1.4.0] AndroidManifest.xml:41:25-88
105            </intent-filter>
106            <intent-filter>
106-->[androidx.profileinstaller:profileinstaller:1.4.0] AndroidManifest.xml:43:13-45:29
107                <action android:name="androidx.profileinstaller.action.SKIP_FILE" />
107-->[androidx.profileinstaller:profileinstaller:1.4.0] AndroidManifest.xml:44:17-85
107-->[androidx.profileinstaller:profileinstaller:1.4.0] AndroidManifest.xml:44:25-82
108            </intent-filter>
109            <intent-filter>
109-->[androidx.profileinstaller:profileinstaller:1.4.0] AndroidManifest.xml:46:13-48:29
110                <action android:name="androidx.profileinstaller.action.SAVE_PROFILE" />
110-->[androidx.profileinstaller:profileinstaller:1.4.0] AndroidManifest.xml:47:17-88
110-->[androidx.profileinstaller:profileinstaller:1.4.0] AndroidManifest.xml:47:25-85
111            </intent-filter>
112            <intent-filter>
112-->[androidx.profileinstaller:profileinstaller:1.4.0] AndroidManifest.xml:49:13-51:29
113                <action android:name="androidx.profileinstaller.action.BENCHMARK_OPERATION" />
113-->[androidx.profileinstaller:profileinstaller:1.4.0] AndroidManifest.xml:50:17-95
113-->[androidx.profileinstaller:profileinstaller:1.4.0] AndroidManifest.xml:50:25-92
114            </intent-filter>
115        </receiver>
116    </application>
117
118</manifest>